2019-08-17 14:51:01 | INFO | Starting MyappApplication on MacBook-Pro-2.local with PID 4911 (/Users/HY/IdeaProjects/myapp/target/classes started by HY in /Users/HY/IdeaProjects/myapp)
2019-08-17 14:51:01 | INFO | No active profile set, falling back to default profiles: default
2019-08-17 14:51:02 | INFO | Tomcat initialized with port(s): 8080 (http)
2019-08-17 14:51:02 | INFO | Initializing ProtocolHandler ["http-nio-8080"]
2019-08-17 14:51:02 | INFO | Starting service [Tomcat]
2019-08-17 14:51:02 | INFO | Starting Servlet engine: [Apache Tomcat/9.0.21]
2019-08-17 14:51:02 | INFO | Initializing Spring embedded WebApplicationContext
2019-08-17 14:51:02 | INFO | Root WebApplicationContext: initialization completed in 1037 ms
2019-08-17 14:51:03 | INFO | Initializing ExecutorService 'applicationTaskExecutor'
2019-08-17 14:51:03 | INFO | Starting ProtocolHandler ["http-nio-8080"]
2019-08-17 14:51:03 | INFO | Tomcat started on port(s): 8080 (http) with context path ''
2019-08-17 14:51:03 | INFO | Started MyappApplication in 2.69 seconds (JVM running for 3.777)
2019-08-17 14:51:05 | INFO | Initializing Spring DispatcherServlet 'dispatcherServlet'
2019-08-17 14:51:05 | INFO | Initializing Servlet 'dispatcherServlet'
2019-08-17 14:51:05 | INFO | Completed initialization in 7 ms
2019-08-17 14:58:42 | INFO | Shutting down ExecutorService 'applicationTaskExecutor'
2019-08-17 14:58:46 | INFO | Starting MyappApplication on MacBook-Pro-2.local with PID 5586 (/Users/HY/IdeaProjects/myapp/target/classes started by HY in /Users/HY/IdeaProjects/myapp)
2019-08-17 14:58:46 | INFO | No active profile set, falling back to default profiles: default
2019-08-17 14:58:46 | INFO | Tomcat initialized with port(s): 8080 (http)
2019-08-17 14:58:47 | INFO | Initializing ProtocolHandler ["http-nio-8080"]
2019-08-17 14:58:47 | INFO | Starting service [Tomcat]
2019-08-17 14:58:47 | INFO | Starting Servlet engine: [Apache Tomcat/9.0.21]
2019-08-17 14:58:47 | INFO | Initializing Spring embedded WebApplicationContext
2019-08-17 14:58:47 | INFO | Root WebApplicationContext: initialization completed in 848 ms
2019-08-17 14:58:47 | INFO | Initializing ExecutorService 'applicationTaskExecutor'
2019-08-17 14:58:47 | INFO | Starting ProtocolHandler ["http-nio-8080"]
2019-08-17 14:58:47 | INFO | Tomcat started on port(s): 8080 (http) with context path ''
2019-08-17 14:58:47 | INFO | Started MyappApplication in 1.987 seconds (JVM running for 2.81)
2019-08-17 14:58:53 | INFO | Initializing Spring DispatcherServlet 'dispatcherServlet'
2019-08-17 14:58:53 | INFO | Initializing Servlet 'dispatcherServlet'
2019-08-17 14:58:53 | INFO | Completed initialization in 5 ms
2019-08-17 14:59:10 | INFO | Shutting down ExecutorService 'applicationTaskExecutor'
2019-08-17 14:59:13 | INFO | Starting MyappApplication on MacBook-Pro-2.local with PID 5625 (/Users/HY/IdeaProjects/myapp/target/classes started by HY in /Users/HY/IdeaProjects/myapp)
2019-08-17 14:59:13 | INFO | No active profile set, falling back to default profiles: default
2019-08-17 14:59:14 | INFO | Tomcat initialized with port(s): 8080 (http)
2019-08-17 14:59:14 | INFO | Initializing ProtocolHandler ["http-nio-8080"]
2019-08-17 14:59:14 | INFO | Starting service [Tomcat]
2019-08-17 14:59:14 | INFO | Starting Servlet engine: [Apache Tomcat/9.0.21]
2019-08-17 14:59:14 | INFO | Initializing Spring embedded WebApplicationContext
2019-08-17 14:59:14 | INFO | Root WebApplicationContext: initialization completed in 1030 ms
2019-08-17 14:59:14 | INFO | Initializing ExecutorService 'applicationTaskExecutor'
2019-08-17 14:59:15 | INFO | Starting ProtocolHandler ["http-nio-8080"]
2019-08-17 14:59:15 | INFO | Tomcat started on port(s): 8080 (http) with context path ''
2019-08-17 14:59:15 | INFO | Started MyappApplication in 2.44 seconds (JVM running for 3.173)
2019-08-17 14:59:15 | INFO | Initializing Spring DispatcherServlet 'dispatcherServlet'
2019-08-17 14:59:15 | INFO | Initializing Servlet 'dispatcherServlet'
2019-08-17 14:59:15 | INFO | Completed initialization in 5 ms
2019-08-17 15:36:46 | INFO | Shutting down ExecutorService 'applicationTaskExecutor'
2019-08-17 15:36:49 | INFO | Starting MyappApplication on MacBook-Pro-2.local with PID 8753 (/Users/HY/IdeaProjects/myapp/target/classes started by HY in /Users/HY/IdeaProjects/myapp)
2019-08-17 15:36:49 | INFO | No active profile set, falling back to default profiles: default
2019-08-17 15:36:50 | INFO | Tomcat initialized with port(s): 8080 (http)
2019-08-17 15:36:50 | INFO | Initializing ProtocolHandler ["http-nio-8080"]
2019-08-17 15:36:50 | INFO | Starting service [Tomcat]
2019-08-17 15:36:50 | INFO | Starting Servlet engine: [Apache Tomcat/9.0.21]
2019-08-17 15:36:50 | INFO | Initializing Spring embedded WebApplicationContext
2019-08-17 15:36:50 | INFO | Root WebApplicationContext: initialization completed in 901 ms
2019-08-17 15:36:51 | INFO | Initializing ExecutorService 'applicationTaskExecutor'
2019-08-17 15:36:51 | INFO | Starting ProtocolHandler ["http-nio-8080"]
2019-08-17 15:36:51 | INFO | Tomcat started on port(s): 8080 (http) with context path ''
2019-08-17 15:36:51 | INFO | Started MyappApplication in 2.048 seconds (JVM running for 2.816)
2019-08-17 15:37:24 | INFO | Initializing Spring DispatcherServlet 'dispatcherServlet'
2019-08-17 15:37:24 | INFO | Initializing Servlet 'dispatcherServlet'
2019-08-17 15:37:24 | INFO | Completed initialization in 5 ms
2019-08-17 15:37:24 | INFO | HikariPool-1 - Starting...
2019-08-17 15:37:25 | INFO | HikariPool-1 - Start completed.
2019-08-17 15:40:17 | INFO | Shutting down ExecutorService 'applicationTaskExecutor'
2019-08-17 15:40:17 | INFO | HikariPool-1 - Shutdown initiated...
2019-08-17 15:40:17 | INFO | HikariPool-1 - Shutdown completed.
2019-08-17 15:40:21 | INFO | Starting MyappApplication on MacBook-Pro-2.local with PID 9023 (/Users/HY/IdeaProjects/myapp/target/classes started by HY in /Users/HY/IdeaProjects/myapp)
2019-08-17 15:40:21 | INFO | No active profile set, falling back to default profiles: default
2019-08-17 15:40:21 | INFO | Tomcat initialized with port(s): 8080 (http)
2019-08-17 15:40:21 | INFO | Initializing ProtocolHandler ["http-nio-8080"]
2019-08-17 15:40:21 | INFO | Starting service [Tomcat]
2019-08-17 15:40:21 | INFO | Starting Servlet engine: [Apache Tomcat/9.0.21]
2019-08-17 15:40:22 | INFO | Initializing Spring embedded WebApplicationContext
2019-08-17 15:40:22 | INFO | Root WebApplicationContext: initialization completed in 872 ms
2019-08-17 15:40:22 | INFO | Initializing ExecutorService 'applicationTaskExecutor'
2019-08-17 15:40:22 | INFO | Starting ProtocolHandler ["http-nio-8080"]
2019-08-17 15:40:22 | INFO | Tomcat started on port(s): 8080 (http) with context path ''
2019-08-17 15:40:22 | INFO | Started MyappApplication in 1.995 seconds (JVM running for 2.731)
2019-08-17 15:40:24 | INFO | Initializing Spring DispatcherServlet 'dispatcherServlet'
2019-08-17 15:40:24 | INFO | Initializing Servlet 'dispatcherServlet'
2019-08-17 15:40:24 | INFO | Completed initialization in 5 ms
2019-08-17 15:40:24 | INFO | HikariPool-1 - Starting...
2019-08-17 15:40:25 | INFO | HikariPool-1 - Start completed.
2019-08-17 15:40:36 | INFO | Shutting down ExecutorService 'applicationTaskExecutor'
2019-08-17 15:40:36 | INFO | HikariPool-1 - Shutdown initiated...
2019-08-17 15:40:36 | INFO | HikariPool-1 - Shutdown completed.
2019-08-17 15:40:39 | INFO | Starting MyappApplication on MacBook-Pro-2.local with PID 9048 (/Users/HY/IdeaProjects/myapp/target/classes started by HY in /Users/HY/IdeaProjects/myapp)
2019-08-17 15:40:39 | INFO | No active profile set, falling back to default profiles: default
2019-08-17 15:40:40 | INFO | Tomcat initialized with port(s): 8080 (http)
2019-08-17 15:40:40 | INFO | Initializing ProtocolHandler ["http-nio-8080"]
2019-08-17 15:40:40 | INFO | Starting service [Tomcat]
2019-08-17 15:40:40 | INFO | Starting Servlet engine: [Apache Tomcat/9.0.21]
2019-08-17 15:40:40 | INFO | Initializing Spring embedded WebApplicationContext
2019-08-17 15:40:40 | INFO | Root WebApplicationContext: initialization completed in 849 ms
2019-08-17 15:40:40 | INFO | Initializing ExecutorService 'applicationTaskExecutor'
2019-08-17 15:40:40 | INFO | Starting ProtocolHandler ["http-nio-8080"]
2019-08-17 15:40:40 | INFO | Tomcat started on port(s): 8080 (http) with context path ''
2019-08-17 15:40:40 | INFO | Started MyappApplication in 1.924 seconds (JVM running for 2.719)
2019-08-17 15:42:19 | INFO | Initializing Spring DispatcherServlet 'dispatcherServlet'
2019-08-17 15:42:19 | INFO | Initializing Servlet 'dispatcherServlet'
2019-08-17 15:42:19 | INFO | Completed initialization in 6 ms
2019-08-17 15:42:19 | INFO | HikariPool-1 - Starting...
2019-08-17 15:42:20 | INFO | HikariPool-1 - Start completed.
2019-08-17 15:43:54 | INFO | Shutting down ExecutorService 'applicationTaskExecutor'
2019-08-17 15:43:54 | INFO | HikariPool-1 - Shutdown initiated...
2019-08-17 15:43:54 | INFO | HikariPool-1 - Shutdown completed.
2019-08-17 15:43:57 | INFO | Starting MyappApplication on MacBook-Pro-2.local with PID 9301 (/Users/HY/IdeaProjects/myapp/target/classes started by HY in /Users/HY/IdeaProjects/myapp)
2019-08-17 15:43:57 | INFO | No active profile set, falling back to default profiles: default
2019-08-17 15:43:58 | INFO | Tomcat initialized with port(s): 8080 (http)
2019-08-17 15:43:58 | INFO | Initializing ProtocolHandler ["http-nio-8080"]
2019-08-17 15:43:58 | INFO | Starting service [Tomcat]
2019-08-17 15:43:58 | INFO | Starting Servlet engine: [Apache Tomcat/9.0.21]
2019-08-17 15:43:58 | INFO | Initializing Spring embedded WebApplicationContext
2019-08-17 15:43:58 | INFO | Root WebApplicationContext: initialization completed in 1101 ms
2019-08-17 15:43:59 | INFO | Initializing ExecutorService 'applicationTaskExecutor'
2019-08-17 15:43:59 | INFO | Starting ProtocolHandler ["http-nio-8080"]
2019-08-17 15:43:59 | INFO | Tomcat started on port(s): 8080 (http) with context path ''
2019-08-17 15:43:59 | INFO | Started MyappApplication in 2.413 seconds (JVM running for 3.404)
2019-08-17 15:44:01 | INFO | Initializing Spring DispatcherServlet 'dispatcherServlet'
2019-08-17 15:44:01 | INFO | Initializing Servlet 'dispatcherServlet'
2019-08-17 15:44:01 | INFO | Completed initialization in 5 ms
2019-08-17 15:44:01 | INFO | HikariPool-1 - Starting...
2019-08-17 15:44:01 | INFO | HikariPool-1 - Start completed.
2019-08-17 15:46:53 | INFO | Shutting down ExecutorService 'applicationTaskExecutor'
2019-08-17 15:46:53 | INFO | HikariPool-1 - Shutdown initiated...
2019-08-17 15:46:53 | INFO | HikariPool-1 - Shutdown completed.
2019-08-17 15:46:57 | INFO | Starting MyappApplication on MacBook-Pro-2.local with PID 9531 (/Users/HY/IdeaProjects/myapp/target/classes started by HY in /Users/HY/IdeaProjects/myapp)
2019-08-17 15:46:57 | INFO | No active profile set, falling back to default profiles: default
2019-08-17 15:46:58 | INFO | Tomcat initialized with port(s): 8080 (http)
2019-08-17 15:46:58 | INFO | Initializing ProtocolHandler ["http-nio-8080"]
2019-08-17 15:46:58 | INFO | Starting service [Tomcat]
2019-08-17 15:46:58 | INFO | Starting Servlet engine: [Apache Tomcat/9.0.21]
2019-08-17 15:46:58 | INFO | Initializing Spring embedded WebApplicationContext
2019-08-17 15:46:58 | INFO | Root WebApplicationContext: initialization completed in 912 ms
2019-08-17 15:46:58 | INFO | Initializing ExecutorService 'applicationTaskExecutor'
2019-08-17 15:46:58 | INFO | Starting ProtocolHandler ["http-nio-8080"]
2019-08-17 15:46:58 | INFO | Tomcat started on port(s): 8080 (http) with context path ''
2019-08-17 15:46:58 | INFO | Started MyappApplication in 2.089 seconds (JVM running for 2.984)
2019-08-17 15:47:09 | INFO | Shutting down ExecutorService 'applicationTaskExecutor'
2019-08-17 15:47:11 | INFO | Starting MyappApplication on MacBook-Pro-2.local with PID 9553 (/Users/HY/IdeaProjects/myapp/target/classes started by HY in /Users/HY/IdeaProjects/myapp)
2019-08-17 15:47:11 | INFO | No active profile set, falling back to default profiles: default
2019-08-17 15:47:12 | INFO | Tomcat initialized with port(s): 8080 (http)
2019-08-17 15:47:12 | INFO | Initializing ProtocolHandler ["http-nio-8080"]
2019-08-17 15:47:12 | INFO | Starting service [Tomcat]
2019-08-17 15:47:12 | INFO | Starting Servlet engine: [Apache Tomcat/9.0.21]
2019-08-17 15:47:12 | INFO | Initializing Spring embedded WebApplicationContext
2019-08-17 15:47:12 | INFO | Root WebApplicationContext: initialization completed in 983 ms
2019-08-17 15:47:13 | INFO | Initializing ExecutorService 'applicationTaskExecutor'
2019-08-17 15:47:13 | INFO | Starting ProtocolHandler ["http-nio-8080"]
2019-08-17 15:47:13 | INFO | Tomcat started on port(s): 8080 (http) with context path ''
2019-08-17 15:47:13 | INFO | Started MyappApplication in 2.208 seconds (JVM running for 3.379)
2019-08-17 15:47:21 | INFO | Initializing Spring DispatcherServlet 'dispatcherServlet'
2019-08-17 15:47:21 | INFO | Initializing Servlet 'dispatcherServlet'
2019-08-17 15:47:21 | INFO | Completed initialization in 5 ms
2019-08-17 15:47:21 | INFO | HikariPool-1 - Starting...
2019-08-17 15:47:22 | INFO | HikariPool-1 - Start completed.
2019-08-17 15:49:06 | INFO | Shutting down ExecutorService 'applicationTaskExecutor'
2019-08-17 15:49:06 | INFO | HikariPool-1 - Shutdown initiated...
2019-08-17 15:49:06 | INFO | HikariPool-1 - Shutdown completed.
2019-08-17 15:49:09 | INFO | Starting MyappApplication on MacBook-Pro-2.local with PID 9715 (/Users/HY/IdeaProjects/myapp/target/classes started by HY in /Users/HY/IdeaProjects/myapp)
2019-08-17 15:49:09 | INFO | No active profile set, falling back to default profiles: default
2019-08-17 15:49:10 | INFO | Tomcat initialized with port(s): 8080 (http)
2019-08-17 15:49:10 | INFO | Initializing ProtocolHandler ["http-nio-8080"]
2019-08-17 15:49:10 | INFO | Starting service [Tomcat]
2019-08-17 15:49:10 | INFO | Starting Servlet engine: [Apache Tomcat/9.0.21]
2019-08-17 15:49:10 | INFO | Initializing Spring embedded WebApplicationContext
2019-08-17 15:49:10 | INFO | Root WebApplicationContext: initialization completed in 870 ms
2019-08-17 15:49:11 | INFO | Initializing ExecutorService 'applicationTaskExecutor'
2019-08-17 15:49:11 | INFO | Starting ProtocolHandler ["http-nio-8080"]
2019-08-17 15:49:11 | INFO | Tomcat started on port(s): 8080 (http) with context path ''
2019-08-17 15:49:11 | INFO | Started MyappApplication in 2.0 seconds (JVM running for 2.808)
2019-08-17 15:49:14 | INFO | Initializing Spring DispatcherServlet 'dispatcherServlet'
2019-08-17 15:49:14 | INFO | Initializing Servlet 'dispatcherServlet'
2019-08-17 15:49:14 | INFO | Completed initialization in 6 ms
2019-08-17 15:49:14 | INFO | HikariPool-1 - Starting...
2019-08-17 15:49:15 | INFO | HikariPool-1 - Start completed.
2019-08-17 15:54:22 | WARN | HikariPool-1 - Failed to validate connection com.mysql.cj.jdbc.ConnectionImpl@6e9cc59b (No operations allowed after connection closed.). Possibly consider using a shorter maxLifetime value.
2019-08-17 15:54:27 | WARN | HikariPool-1 - Failed to validate connection com.mysql.cj.jdbc.ConnectionImpl@12d7601e (No operations allowed after connection closed.). Possibly consider using a shorter maxLifetime value.
2019-08-17 15:54:32 | WARN | HikariPool-1 - Failed to validate connection com.mysql.cj.jdbc.ConnectionImpl@61fa501f (No operations allowed after connection closed.). Possibly consider using a shorter maxLifetime value.
2019-08-17 15:54:37 | WARN | HikariPool-1 - Failed to validate connection com.mysql.cj.jdbc.ConnectionImpl@2dfb64e7 (No operations allowed after connection closed.). Possibly consider using a shorter maxLifetime value.
2019-08-17 15:54:40 | INFO | Shutting down ExecutorService 'applicationTaskExecutor'
2019-08-17 15:54:40 | INFO | HikariPool-1 - Shutdown initiated...
2019-08-17 15:54:40 | WARN | HikariPool-1 - Failed to validate connection com.mysql.cj.jdbc.ConnectionImpl@7ac774c3 (No operations allowed after connection closed.). Possibly consider using a shorter maxLifetime value.
2019-08-17 15:54:40 | INFO | HikariPool-1 - Shutdown completed.
2019-08-17 15:54:42 | WARN | Failed to perform cleanup of multipart items
java.lang.NullPointerException: null
	at org.apache.catalina.connector.Request.parseParts(Request.java:2803) ~[tomcat-embed-core-9.0.21.jar:9.0.21]
	at org.apache.catalina.connector.Request.getParts(Request.java:2780) ~[tomcat-embed-core-9.0.21.jar:9.0.21]
	at org.apache.catalina.connector.RequestFacade.getParts(RequestFacade.java:1098) ~[tomcat-embed-core-9.0.21.jar:9.0.21]
	at javax.servlet.http.HttpServletRequestWrapper.getParts(HttpServletRequestWrapper.java:356) ~[tomcat-embed-core-9.0.21.jar:9.0.21]
	at org.springframework.web.multipart.support.StandardServletMultipartResolver.cleanupMultipart(StandardServletMultipartResolver.java:97) [spring-web-5.1.8.RELEASE.jar:5.1.8.RELEASE]
	at org.springframework.web.servlet.DispatcherServlet.cleanupMultipart(DispatcherServlet.java:1217) [spring-webmvc-5.1.8.RELEASE.jar:5.1.8.RELEASE]
	at org.springframework.web.servlet.DispatcherServlet.doDispatch(DispatcherServlet.java:1075) [spring-webmvc-5.1.8.RELEASE.jar:5.1.8.RELEASE]
	at org.springframework.web.servlet.DispatcherServlet.doService(DispatcherServlet.java:942) [spring-webmvc-5.1.8.RELEASE.jar:5.1.8.RELEASE]
	at org.springframework.web.servlet.FrameworkServlet.processRequest(FrameworkServlet.java:1005) [spring-webmvc-5.1.8.RELEASE.jar:5.1.8.RELEASE]
	at org.springframework.web.servlet.FrameworkServlet.doPost(FrameworkServlet.java:908) [spring-webmvc-5.1.8.RELEASE.jar:5.1.8.RELEASE]
	at javax.servlet.http.HttpServlet.service(HttpServlet.java:660) [tomcat-embed-core-9.0.21.jar:9.0.21]
	at org.springframework.web.servlet.FrameworkServlet.service(FrameworkServlet.java:882) [spring-webmvc-5.1.8.RELEASE.jar:5.1.8.RELEASE]
	at javax.servlet.http.HttpServlet.service(HttpServlet.java:741) [tomcat-embed-core-9.0.21.jar:9.0.21]
	at org.apache.catalina.core.ApplicationFilterChain.internalDoFilter(ApplicationFilterChain.java:231) [tomcat-embed-core-9.0.21.jar:9.0.21]
	at org.apache.catalina.core.ApplicationFilterChain.doFilter(ApplicationFilterChain.java:166) [tomcat-embed-core-9.0.21.jar:9.0.21]
	at org.apache.tomcat.websocket.server.WsFilter.doFilter(WsFilter.java:53) [tomcat-embed-websocket-9.0.21.jar:9.0.21]
	at org.apache.catalina.core.ApplicationFilterChain.internalDoFilter(ApplicationFilterChain.java:193) [tomcat-embed-core-9.0.21.jar:9.0.21]
	at org.apache.catalina.core.ApplicationFilterChain.doFilter(ApplicationFilterChain.java:166) [tomcat-embed-core-9.0.21.jar:9.0.21]
	at org.springframework.web.filter.RequestContextFilter.doFilterInternal(RequestContextFilter.java:99) [spring-web-5.1.8.RELEASE.jar:5.1.8.RELEASE]
	at org.springframework.web.filter.OncePerRequestFilter.doFilter(OncePerRequestFilter.java:109) [spring-web-5.1.8.RELEASE.jar:5.1.8.RELEASE]
	at org.apache.catalina.core.ApplicationFilterChain.internalDoFilter(ApplicationFilterChain.java:193) [tomcat-embed-core-9.0.21.jar:9.0.21]
	at org.apache.catalina.core.ApplicationFilterChain.doFilter(ApplicationFilterChain.java:166) [tomcat-embed-core-9.0.21.jar:9.0.21]
	at org.springframework.web.filter.FormContentFilter.doFilterInternal(FormContentFilter.java:92) [spring-web-5.1.8.RELEASE.jar:5.1.8.RELEASE]
	at org.springframework.web.filter.OncePerRequestFilter.doFilter(OncePerRequestFilter.java:109) [spring-web-5.1.8.RELEASE.jar:5.1.8.RELEASE]
	at org.apache.catalina.core.ApplicationFilterChain.internalDoFilter(ApplicationFilterChain.java:193) [tomcat-embed-core-9.0.21.jar:9.0.21]
	at org.apache.catalina.core.ApplicationFilterChain.doFilter(ApplicationFilterChain.java:166) [tomcat-embed-core-9.0.21.jar:9.0.21]
	at org.springframework.web.filter.HiddenHttpMethodFilter.doFilterInternal(HiddenHttpMethodFilter.java:93) [spring-web-5.1.8.RELEASE.jar:5.1.8.RELEASE]
	at org.springframework.web.filter.OncePerRequestFilter.doFilter(OncePerRequestFilter.java:109) [spring-web-5.1.8.RELEASE.jar:5.1.8.RELEASE]
	at org.apache.catalina.core.ApplicationFilterChain.internalDoFilter(ApplicationFilterChain.java:193) [tomcat-embed-core-9.0.21.jar:9.0.21]
	at org.apache.catalina.core.ApplicationFilterChain.doFilter(ApplicationFilterChain.java:166) [tomcat-embed-core-9.0.21.jar:9.0.21]
	at org.springframework.web.filter.CharacterEncodingFilter.doFilterInternal(CharacterEncodingFilter.java:200) [spring-web-5.1.8.RELEASE.jar:5.1.8.RELEASE]
	at org.springframework.web.filter.OncePerRequestFilter.doFilter(OncePerRequestFilter.java:109) [spring-web-5.1.8.RELEASE.jar:5.1.8.RELEASE]
	at org.apache.catalina.core.ApplicationFilterChain.internalDoFilter(ApplicationFilterChain.java:193) [tomcat-embed-core-9.0.21.jar:9.0.21]
	at org.apache.catalina.core.ApplicationFilterChain.doFilter(ApplicationFilterChain.java:166) [tomcat-embed-core-9.0.21.jar:9.0.21]
	at org.apache.catalina.core.StandardWrapperValve.invoke(StandardWrapperValve.java:202) [tomcat-embed-core-9.0.21.jar:9.0.21]
	at org.apache.catalina.core.StandardContextValve.invoke(StandardContextValve.java:96) [tomcat-embed-core-9.0.21.jar:9.0.21]
	at org.apache.catalina.authenticator.AuthenticatorBase.invoke(AuthenticatorBase.java:490) [tomcat-embed-core-9.0.21.jar:9.0.21]
	at org.apache.catalina.core.StandardHostValve.invoke(StandardHostValve.java:139) [tomcat-embed-core-9.0.21.jar:9.0.21]
	at org.apache.catalina.valves.ErrorReportValve.invoke(ErrorReportValve.java:92) [tomcat-embed-core-9.0.21.jar:9.0.21]
	at org.apache.catalina.core.StandardEngineValve.invoke(StandardEngineValve.java:74) [tomcat-embed-core-9.0.21.jar:9.0.21]
	at org.apache.catalina.connector.CoyoteAdapter.service(CoyoteAdapter.java:343) [tomcat-embed-core-9.0.21.jar:9.0.21]
	at org.apache.coyote.http11.Http11Processor.service(Http11Processor.java:408) [tomcat-embed-core-9.0.21.jar:9.0.21]
	at org.apache.coyote.AbstractProcessorLight.process(AbstractProcessorLight.java:66) [tomcat-embed-core-9.0.21.jar:9.0.21]
	at org.apache.coyote.AbstractProtocol$ConnectionHandler.process(AbstractProtocol.java:853) [tomcat-embed-core-9.0.21.jar:9.0.21]
	at org.apache.tomcat.util.net.NioEndpoint$SocketProcessor.doRun(NioEndpoint.java:1587) [tomcat-embed-core-9.0.21.jar:9.0.21]
	at org.apache.tomcat.util.net.SocketProcessorBase.run(SocketProcessorBase.java:49) [tomcat-embed-core-9.0.21.jar:9.0.21]
	at java.util.concurrent.ThreadPoolExecutor.runWorker(ThreadPoolExecutor.java:1142) [?:1.8.0_131]
	at java.util.concurrent.ThreadPoolExecutor$Worker.run(ThreadPoolExecutor.java:617) [?:1.8.0_131]
	at org.apache.tomcat.util.threads.TaskThread$WrappingRunnable.run(TaskThread.java:61) [tomcat-embed-core-9.0.21.jar:9.0.21]
	at java.lang.Thread.run(Thread.java:748) [?:1.8.0_131]
2019-08-17 15:54:44 | INFO | Starting MyappApplication on MacBook-Pro-2.local with PID 10130 (/Users/HY/IdeaProjects/myapp/target/classes started by HY in /Users/HY/IdeaProjects/myapp)
2019-08-17 15:54:44 | INFO | No active profile set, falling back to default profiles: default
2019-08-17 15:54:45 | INFO | Tomcat initialized with port(s): 8080 (http)
2019-08-17 15:54:45 | INFO | Initializing ProtocolHandler ["http-nio-8080"]
2019-08-17 15:54:45 | INFO | Starting service [Tomcat]
2019-08-17 15:54:45 | INFO | Starting Servlet engine: [Apache Tomcat/9.0.21]
2019-08-17 15:54:45 | INFO | Initializing Spring embedded WebApplicationContext
2019-08-17 15:54:45 | INFO | Root WebApplicationContext: initialization completed in 1106 ms
2019-08-17 15:54:46 | INFO | Initializing ExecutorService 'applicationTaskExecutor'
2019-08-17 15:54:46 | INFO | Starting ProtocolHandler ["http-nio-8080"]
2019-08-17 15:54:46 | INFO | Tomcat started on port(s): 8080 (http) with context path ''
2019-08-17 15:54:46 | INFO | Started MyappApplication in 2.26 seconds (JVM running for 3.197)
2019-08-17 15:54:48 | INFO | Initializing Spring DispatcherServlet 'dispatcherServlet'
2019-08-17 15:54:48 | INFO | Initializing Servlet 'dispatcherServlet'
2019-08-17 15:54:48 | INFO | Completed initialization in 10 ms
2019-08-17 15:54:50 | INFO | HikariPool-1 - Starting...
2019-08-17 15:54:51 | INFO | HikariPool-1 - Start completed.
2019-08-17 15:55:40 | INFO | Shutting down ExecutorService 'applicationTaskExecutor'
2019-08-17 15:55:40 | INFO | HikariPool-1 - Shutdown initiated...
2019-08-17 15:55:40 | INFO | HikariPool-1 - Shutdown completed.
2019-08-17 15:55:43 | INFO | Starting MyappApplication on MacBook-Pro-2.local with PID 10207 (/Users/HY/IdeaProjects/myapp/target/classes started by HY in /Users/HY/IdeaProjects/myapp)
2019-08-17 15:55:43 | INFO | No active profile set, falling back to default profiles: default
2019-08-17 15:55:44 | INFO | Tomcat initialized with port(s): 8080 (http)
2019-08-17 15:55:44 | INFO | Initializing ProtocolHandler ["http-nio-8080"]
2019-08-17 15:55:44 | INFO | Starting service [Tomcat]
2019-08-17 15:55:44 | INFO | Starting Servlet engine: [Apache Tomcat/9.0.21]
2019-08-17 15:55:45 | INFO | Initializing Spring embedded WebApplicationContext
2019-08-17 15:55:45 | INFO | Root WebApplicationContext: initialization completed in 1064 ms
2019-08-17 15:55:45 | INFO | Initializing ExecutorService 'applicationTaskExecutor'
2019-08-17 15:55:45 | INFO | Starting ProtocolHandler ["http-nio-8080"]
2019-08-17 15:55:45 | INFO | Tomcat started on port(s): 8080 (http) with context path ''
2019-08-17 15:55:45 | INFO | Started MyappApplication in 2.255 seconds (JVM running for 3.083)
2019-08-17 15:55:48 | INFO | Initializing Spring DispatcherServlet 'dispatcherServlet'
2019-08-17 15:55:48 | INFO | Initializing Servlet 'dispatcherServlet'
2019-08-17 15:55:48 | INFO | Completed initialization in 6 ms
2019-08-17 15:55:49 | INFO | HikariPool-1 - Starting...
2019-08-17 15:55:50 | INFO | HikariPool-1 - Start completed.
2019-08-17 16:01:53 | INFO | Shutting down ExecutorService 'applicationTaskExecutor'
2019-08-17 16:01:53 | INFO | HikariPool-1 - Shutdown initiated...
2019-08-17 16:01:53 | INFO | HikariPool-1 - Shutdown completed.
2019-08-17 16:26:52 | INFO | Starting MyappApplication on MacBook-Pro-2.local with PID 12998 (/Users/HY/IdeaProjects/myapp/target/classes started by HY in /Users/HY/IdeaProjects/myapp)
2019-08-17 16:26:52 | INFO | No active profile set, falling back to default profiles: default
2019-08-17 16:26:53 | INFO | Tomcat initialized with port(s): 8080 (http)
2019-08-17 16:26:53 | INFO | Root WebApplicationContext: initialization completed in 1051 ms
2019-08-17 16:26:54 | INFO | Initializing ExecutorService 'applicationTaskExecutor'
2019-08-17 16:26:55 | INFO | Tomcat started on port(s): 8080 (http) with context path ''
2019-08-17 16:26:55 | INFO | Started MyappApplication in 2.959 seconds (JVM running for 3.714)
2019-08-17 16:27:03 | INFO | Shutting down ExecutorService 'applicationTaskExecutor'
2019-08-17 16:27:06 | INFO | Starting MyappApplication on MacBook-Pro-2.local with PID 13025 (/Users/HY/IdeaProjects/myapp/target/classes started by HY in /Users/HY/IdeaProjects/myapp)
2019-08-17 16:27:06 | INFO | No active profile set, falling back to default profiles: default
2019-08-17 16:27:06 | INFO | Tomcat initialized with port(s): 8080 (http)
2019-08-17 16:27:07 | INFO | Root WebApplicationContext: initialization completed in 943 ms
2019-08-17 16:27:07 | INFO | Initializing ExecutorService 'applicationTaskExecutor'
2019-08-17 16:27:07 | INFO | Tomcat started on port(s): 8080 (http) with context path ''
2019-08-17 16:27:07 | INFO | Started MyappApplication in 2.094 seconds (JVM running for 3.152)
2019-08-17 16:27:16 | INFO | Shutting down ExecutorService 'applicationTaskExecutor'
2019-08-17 16:27:19 | INFO | Starting MyappApplication on MacBook-Pro-2.local with PID 13048 (/Users/HY/IdeaProjects/myapp/target/classes started by HY in /Users/HY/IdeaProjects/myapp)
2019-08-17 16:27:19 | INFO | No active profile set, falling back to default profiles: default
2019-08-17 16:27:20 | INFO | Tomcat initialized with port(s): 8080 (http)
2019-08-17 16:27:20 | INFO | Root WebApplicationContext: initialization completed in 1038 ms
2019-08-17 16:27:20 | INFO | Initializing ExecutorService 'applicationTaskExecutor'
2019-08-17 16:27:21 | INFO | Tomcat started on port(s): 8080 (http) with context path ''
2019-08-17 16:27:21 | INFO | Started MyappApplication in 2.192 seconds (JVM running for 3.405)
2019-08-17 16:27:34 | INFO | Shutting down ExecutorService 'applicationTaskExecutor'
2019-08-17 16:27:41 | INFO | Starting MyappApplication on MacBook-Pro-2.local with PID 13088 (/Users/HY/IdeaProjects/myapp/target/classes started by HY in /Users/HY/IdeaProjects/myapp)
2019-08-17 16:27:41 | INFO | No active profile set, falling back to default profiles: default
2019-08-17 16:27:42 | INFO | Tomcat initialized with port(s): 8080 (http)
2019-08-17 16:27:42 | INFO | Initializing ProtocolHandler ["http-nio-8080"]
2019-08-17 16:27:42 | INFO | Starting service [Tomcat]
2019-08-17 16:27:42 | INFO | Starting Servlet engine: [Apache Tomcat/9.0.21]
2019-08-17 16:27:42 | INFO | Initializing Spring embedded WebApplicationContext
2019-08-17 16:27:42 | INFO | Root WebApplicationContext: initialization completed in 948 ms
2019-08-17 16:27:42 | INFO | Initializing ExecutorService 'applicationTaskExecutor'
2019-08-17 16:27:43 | INFO | Starting ProtocolHandler ["http-nio-8080"]
2019-08-17 16:27:43 | INFO | Tomcat started on port(s): 8080 (http) with context path ''
2019-08-17 16:27:43 | INFO | Started MyappApplication in 2.094 seconds (JVM running for 3.177)
2019-08-17 16:35:14 | INFO | Shutting down ExecutorService 'applicationTaskExecutor'
