2019-08-15 21:30:27 | WARN | 만료된 토큰입니다.
2019-08-15 21:30:33 | WARN | Resolved [org.springframework.web.HttpMediaTypeNotSupportedException: Content type 'multipart/form-data;boundary=--------------------------402567228161447540024792' not supported]
2019-08-15 21:30:43 | WARN | Resolved [org.springframework.web.HttpMediaTypeNotSupportedException: Content type 'multipart/form-data;boundary=--------------------------875326823905540087476832' not supported]
2019-08-15 21:31:04 | WARN | Resolved [org.springframework.web.HttpMediaTypeNotSupportedException: Content type 'multipart/form-data;boundary=--------------------------846895225386515731855349' not supported]
2019-08-15 21:31:16 | WARN | Resolved [org.springframework.web.HttpMediaTypeNotSupportedException: Content type 'multipart/form-data;boundary=--------------------------914486085058693182476141' not supported]
2019-08-15 21:31:24 | WARN | Resolved [org.springframework.web.HttpMediaTypeNotSupportedException: Content type 'multipart/form-data;boundary=--------------------------528271182793674407976146' not supported]
2019-08-15 21:31:40 | INFO | HikariPool-1 - Starting...
2019-08-15 21:31:41 | INFO | HikariPool-1 - Start completed.
2019-08-15 21:31:58 | WARN | Resolved [org.springframework.web.HttpMediaTypeNotSupportedException: Content type 'multipart/form-data;boundary=--------------------------720111612764608008140782;charset=UTF-8' not supported]
2019-08-15 21:32:29 | WARN | Resolved [org.springframework.web.HttpMediaTypeNotSupportedException: Content type 'multipart/form-data;boundary=--------------------------226296635794239984396883;charset=UTF-8' not supported]
2019-08-15 21:33:03 | INFO | Shutting down ExecutorService 'applicationTaskExecutor'
2019-08-15 21:33:03 | INFO | HikariPool-1 - Shutdown initiated...
2019-08-15 21:33:03 | INFO | HikariPool-1 - Shutdown completed.
2019-08-15 21:33:06 | INFO | Starting MyappApplication on MacBook-Pro-2.local with PID 13359 (/Users/HY/IdeaProjects/myapp/target/classes started by HY in /Users/HY/IdeaProjects/myapp)
2019-08-15 21:33:06 | INFO | No active profile set, falling back to default profiles: default
2019-08-15 21:33:07 | INFO | Tomcat initialized with port(s): 8080 (http)
2019-08-15 21:33:07 | INFO | Initializing ProtocolHandler ["http-nio-8080"]
2019-08-15 21:33:07 | INFO | Starting service [Tomcat]
2019-08-15 21:33:07 | INFO | Starting Servlet engine: [Apache Tomcat/9.0.21]
2019-08-15 21:33:07 | INFO | Initializing Spring embedded WebApplicationContext
2019-08-15 21:33:07 | INFO | Root WebApplicationContext: initialization completed in 822 ms
2019-08-15 21:33:07 | INFO | Initializing ExecutorService 'applicationTaskExecutor'
2019-08-15 21:33:07 | INFO | Starting ProtocolHandler ["http-nio-8080"]
2019-08-15 21:33:08 | INFO | Tomcat started on port(s): 8080 (http) with context path ''
2019-08-15 21:33:08 | INFO | Started MyappApplication in 1.995 seconds (JVM running for 2.977)
2019-08-15 21:33:09 | INFO | Initializing Spring DispatcherServlet 'dispatcherServlet'
2019-08-15 21:33:09 | INFO | Initializing Servlet 'dispatcherServlet'
2019-08-15 21:33:09 | INFO | Completed initialization in 5 ms
2019-08-15 21:33:32 | INFO | Shutting down ExecutorService 'applicationTaskExecutor'
2019-08-15 21:33:35 | INFO | Starting MyappApplication on MacBook-Pro-2.local with PID 13400 (/Users/HY/IdeaProjects/myapp/target/classes started by HY in /Users/HY/IdeaProjects/myapp)
2019-08-15 21:33:35 | INFO | No active profile set, falling back to default profiles: default
2019-08-15 21:33:36 | INFO | Tomcat initialized with port(s): 8080 (http)
2019-08-15 21:33:36 | INFO | Initializing ProtocolHandler ["http-nio-8080"]
2019-08-15 21:33:36 | INFO | Starting service [Tomcat]
2019-08-15 21:33:36 | INFO | Starting Servlet engine: [Apache Tomcat/9.0.21]
2019-08-15 21:33:36 | INFO | Initializing Spring embedded WebApplicationContext
2019-08-15 21:33:36 | INFO | Root WebApplicationContext: initialization completed in 894 ms
2019-08-15 21:33:36 | INFO | Initializing ExecutorService 'applicationTaskExecutor'
2019-08-15 21:33:36 | INFO | Starting ProtocolHandler ["http-nio-8080"]
2019-08-15 21:33:36 | INFO | Tomcat started on port(s): 8080 (http) with context path ''
2019-08-15 21:33:36 | INFO | Started MyappApplication in 1.929 seconds (JVM running for 2.641)
2019-08-15 21:33:39 | INFO | Initializing Spring DispatcherServlet 'dispatcherServlet'
2019-08-15 21:33:39 | INFO | Initializing Servlet 'dispatcherServlet'
2019-08-15 21:33:39 | INFO | Completed initialization in 5 ms
2019-08-15 21:34:02 | INFO | Shutting down ExecutorService 'applicationTaskExecutor'
2019-08-15 21:34:05 | INFO | Starting MyappApplication on MacBook-Pro-2.local with PID 13441 (/Users/HY/IdeaProjects/myapp/target/classes started by HY in /Users/HY/IdeaProjects/myapp)
2019-08-15 21:34:05 | INFO | No active profile set, falling back to default profiles: default
2019-08-15 21:34:06 | INFO | Tomcat initialized with port(s): 8080 (http)
2019-08-15 21:34:06 | INFO | Initializing ProtocolHandler ["http-nio-8080"]
2019-08-15 21:34:06 | INFO | Starting service [Tomcat]
2019-08-15 21:34:06 | INFO | Starting Servlet engine: [Apache Tomcat/9.0.21]
2019-08-15 21:34:06 | INFO | Initializing Spring embedded WebApplicationContext
2019-08-15 21:34:06 | INFO | Root WebApplicationContext: initialization completed in 910 ms
2019-08-15 21:34:06 | INFO | Initializing ExecutorService 'applicationTaskExecutor'
2019-08-15 21:34:07 | INFO | Starting ProtocolHandler ["http-nio-8080"]
2019-08-15 21:34:07 | INFO | Tomcat started on port(s): 8080 (http) with context path ''
2019-08-15 21:34:07 | INFO | Started MyappApplication in 1.967 seconds (JVM running for 2.69)
2019-08-15 21:34:09 | INFO | Initializing Spring DispatcherServlet 'dispatcherServlet'
2019-08-15 21:34:09 | INFO | Initializing Servlet 'dispatcherServlet'
2019-08-15 21:34:09 | INFO | Completed initialization in 6 ms
2019-08-15 21:34:25 | INFO | Shutting down ExecutorService 'applicationTaskExecutor'
2019-08-15 21:34:28 | INFO | Starting MyappApplication on MacBook-Pro-2.local with PID 13473 (/Users/HY/IdeaProjects/myapp/target/classes started by HY in /Users/HY/IdeaProjects/myapp)
2019-08-15 21:34:28 | INFO | No active profile set, falling back to default profiles: default
2019-08-15 21:34:28 | INFO | Tomcat initialized with port(s): 8080 (http)
2019-08-15 21:34:28 | INFO | Initializing ProtocolHandler ["http-nio-8080"]
2019-08-15 21:34:28 | INFO | Starting service [Tomcat]
2019-08-15 21:34:28 | INFO | Starting Servlet engine: [Apache Tomcat/9.0.21]
2019-08-15 21:34:29 | INFO | Initializing Spring embedded WebApplicationContext
2019-08-15 21:34:29 | INFO | Root WebApplicationContext: initialization completed in 811 ms
2019-08-15 21:34:29 | INFO | Initializing ExecutorService 'applicationTaskExecutor'
2019-08-15 21:34:29 | INFO | Starting ProtocolHandler ["http-nio-8080"]
2019-08-15 21:34:29 | INFO | Tomcat started on port(s): 8080 (http) with context path ''
2019-08-15 21:34:29 | INFO | Started MyappApplication in 1.899 seconds (JVM running for 2.596)
2019-08-15 21:34:30 | INFO | Initializing Spring DispatcherServlet 'dispatcherServlet'
2019-08-15 21:34:30 | INFO | Initializing Servlet 'dispatcherServlet'
2019-08-15 21:34:30 | INFO | Completed initialization in 5 ms
2019-08-15 21:34:30 | INFO | HikariPool-1 - Starting...
2019-08-15 21:34:31 | INFO | HikariPool-1 - Start completed.
2019-08-15 21:43:55 | INFO | Shutting down ExecutorService 'applicationTaskExecutor'
2019-08-15 21:43:55 | INFO | HikariPool-1 - Shutdown initiated...
2019-08-15 21:43:55 | INFO | HikariPool-1 - Shutdown completed.
2019-08-15 21:43:59 | INFO | Starting MyappApplication on MacBook-Pro-2.local with PID 14181 (/Users/HY/IdeaProjects/myapp/target/classes started by HY in /Users/HY/IdeaProjects/myapp)
2019-08-15 21:43:59 | INFO | No active profile set, falling back to default profiles: default
2019-08-15 21:44:00 | INFO | Tomcat initialized with port(s): 8080 (http)
2019-08-15 21:44:00 | INFO | Initializing ProtocolHandler ["http-nio-8080"]
2019-08-15 21:44:00 | INFO | Starting service [Tomcat]
2019-08-15 21:44:00 | INFO | Starting Servlet engine: [Apache Tomcat/9.0.21]
2019-08-15 21:44:00 | INFO | Initializing Spring embedded WebApplicationContext
2019-08-15 21:44:00 | INFO | Root WebApplicationContext: initialization completed in 836 ms
2019-08-15 21:44:01 | INFO | Initializing ExecutorService 'applicationTaskExecutor'
2019-08-15 21:44:01 | INFO | Starting ProtocolHandler ["http-nio-8080"]
2019-08-15 21:44:01 | INFO | Tomcat started on port(s): 8080 (http) with context path ''
2019-08-15 21:44:01 | INFO | Started MyappApplication in 1.886 seconds (JVM running for 3.222)
2019-08-15 21:44:03 | INFO | Initializing Spring DispatcherServlet 'dispatcherServlet'
2019-08-15 21:44:03 | INFO | Initializing Servlet 'dispatcherServlet'
2019-08-15 21:44:03 | INFO | Completed initialization in 5 ms
2019-08-15 21:44:03 | INFO | HikariPool-1 - Starting...
2019-08-15 21:44:03 | INFO | HikariPool-1 - Start completed.
2019-08-15 21:45:01 | INFO | Shutting down ExecutorService 'applicationTaskExecutor'
2019-08-15 21:45:01 | INFO | HikariPool-1 - Shutdown initiated...
2019-08-15 21:45:01 | INFO | HikariPool-1 - Shutdown completed.
2019-08-15 21:49:54 | INFO | Starting MyappApplication on MacBook-Pro-2.local with PID 14641 (/Users/HY/IdeaProjects/myapp/target/classes started by HY in /Users/HY/IdeaProjects/myapp)
2019-08-15 21:49:54 | INFO | No active profile set, falling back to default profiles: default
2019-08-15 21:49:54 | INFO | Tomcat initialized with port(s): 8080 (http)
2019-08-15 21:49:54 | INFO | Initializing ProtocolHandler ["http-nio-8080"]
2019-08-15 21:49:54 | INFO | Starting service [Tomcat]
2019-08-15 21:49:54 | INFO | Starting Servlet engine: [Apache Tomcat/9.0.21]
2019-08-15 21:49:55 | INFO | Initializing Spring embedded WebApplicationContext
2019-08-15 21:49:55 | INFO | Root WebApplicationContext: initialization completed in 895 ms
2019-08-15 21:49:55 | INFO | Initializing ExecutorService 'applicationTaskExecutor'
2019-08-15 21:49:55 | INFO | Starting ProtocolHandler ["http-nio-8080"]
2019-08-15 21:49:55 | INFO | Tomcat started on port(s): 8080 (http) with context path ''
2019-08-15 21:49:55 | INFO | Started MyappApplication in 1.949 seconds (JVM running for 3.228)
